<?xml version="1.0" encoding="UTF-8"?>
<!-- Generated by org.testng.reporters.JUnitReportReporter -->
<testsuite hostname="LAPTOP-EIBBGPPA" failures="0" tests="1" name="tests.TC001_CreateLead" time="23.607" errors="0" timestamp="2022-04-28T11:53:08 PDT" skipped="0">
  <testcase classname="tests.TC001_CreateLead" name="createLead" time="23.607"/>
  <system-out/>
</testsuite> <!-- tests.TC001_CreateLead -->
